2019-10-04 11:21:18,127 Process of HalfResolution is starting
2019-10-04 11:21:18,128 Main raster: C:/Users/PlochaTo/Documents/TP/PG/MGR/rasterDoPodzialuSmooth.tif
2019-10-04 11:21:18,128 Samples from main raster D:/cutData32HalfResolution/. Will be save to disc: False
2019-10-04 11:21:18,128 Dataset folder path D:/HalfResolution1/
2019-10-04 11:21:18,128 Model will be saved D:/HalfResolution1/model/image_classification
2019-10-04 11:21:18,129 All data from raster will be kept in D:/HalfResolution1/preprocessedAllDataBatch/
2019-10-04 11:21:18,129 Running CNN training
2019-10-04 11:21:29,627 From d:\satelliteImageClassifier\training.py:244: The name tf.reset_default_graph is deprecated. Please use tf.compat.v1.reset_default_graph instead.

2019-10-04 11:21:29,630 From d:\satelliteImageClassifier\training.py:247: The name tf.placeholder is deprecated. Please use tf.compat.v1.placeholder instead.

2019-10-04 11:21:29,652 CNN training parameters: epoch: 10, batch size: 128, keep probability: 0.7, learning reate: 0.001
2019-10-04 11:21:29,653 From d:\satelliteImageClassifier\training.py:126: The name tf.truncated_normal is deprecated. Please use tf.random.truncated_normal instead.

2019-10-04 11:21:29,721 From d:\satelliteImageClassifier\training.py:134: The name tf.nn.max_pool is deprecated. Please use tf.nn.max_pool2d instead.

2019-10-04 11:21:29,723 From d:\satelliteImageClassifier\training.py:135: batch_normalization (from tensorflow.python.layers.normalization) is deprecated and will be removed in a future version.
Instructions for updating:
Use keras.layers.BatchNormalization instead.  In particular, `tf.control_dependencies(tf.GraphKeys.UPDATE_OPS)` should not be used (consult the `tf.keras.layers.batch_normalization` documentation).
2019-10-04 11:21:32,229 
The TensorFlow contrib module will not be included in TensorFlow 2.0.
For more information, please see:
  * https://github.com/tensorflow/community/blob/master/rfcs/20180907-contrib-sunset.md
  * https://github.com/tensorflow/addons
  * https://github.com/tensorflow/io (for I/O related ops)
If you depend on functionality not listed there, please file an issue.

2019-10-04 11:21:32,231 From D:\Anaconda\lib\site-packages\tensorflow\contrib\layers\python\layers\layers.py:1634: flatten (from tensorflow.python.layers.core) is deprecated and will be removed in a future version.
Instructions for updating:
Use keras.layers.flatten instead.
2019-10-04 11:21:33,871 From d:\satelliteImageClassifier\training.py:160: calling dropout (from tensorflow.python.ops.nn_ops) with keep_prob is deprecated and will be removed in a future version.
Instructions for updating:
Please use `rate` instead of `keep_prob`. Rate should be set to `rate = 1 - keep_prob`.
2019-10-04 11:21:34,420 From d:\satelliteImageClassifier\training.py:262: softmax_cross_entropy_with_logits (from tensorflow.python.ops.nn_ops) is deprecated and will be removed in a future version.
Instructions for updating:

Future major versions of TensorFlow will allow gradients to flow
into the labels input on backprop by default.

See `tf.nn.softmax_cross_entropy_with_logits_v2`.

2019-10-04 11:21:34,469 From d:\satelliteImageClassifier\training.py:263: The name tf.train.AdamOptimizer is deprecated. Please use tf.compat.v1.train.AdamOptimizer instead.

2019-10-04 11:21:35,715 Training...
2019-10-04 11:21:35,716 From d:\satelliteImageClassifier\training.py:273: The name tf.Session is deprecated. Please use tf.compat.v1.Session instead.

2019-10-04 11:21:35,731 From d:\satelliteImageClassifier\training.py:275: The name tf.global_variables_initializer is deprecated. Please use tf.compat.v1.global_variables_initializer instead.

2019-10-04 11:21:36,199 From d:\satelliteImageClassifier\training.py:277: The name tf.summary.FileWriter is deprecated. Please use tf.compat.v1.summary.FileWriter instead.

2019-10-04 11:22:12,829 From c:\Users\PlochaTo\.vscode\extensions\ms-python.python-2019.9.34911\pythonFiles\lib\python\ptvsd\_vendored\pydevd\_pydevd_bundle\pydevd_resolver.py:214: The name tf.train.AdadeltaOptimizer is deprecated. Please use tf.compat.v1.train.AdadeltaOptimizer instead.

2019-10-04 11:22:12,830 From c:\Users\PlochaTo\.vscode\extensions\ms-python.python-2019.9.34911\pythonFiles\lib\python\ptvsd\_vendored\pydevd\_pydevd_bundle\pydevd_resolver.py:214: The name tf.train.AdagradDAOptimizer is deprecated. Please use tf.compat.v1.train.AdagradDAOptimizer instead.

2019-10-04 11:22:12,831 From c:\Users\PlochaTo\.vscode\extensions\ms-python.python-2019.9.34911\pythonFiles\lib\python\ptvsd\_vendored\pydevd\_pydevd_bundle\pydevd_resolver.py:214: The name tf.train.AdagradOptimizer is deprecated. Please use tf.compat.v1.train.AdagradOptimizer instead.

2019-10-04 11:22:12,831 From c:\Users\PlochaTo\.vscode\extensions\ms-python.python-2019.9.34911\pythonFiles\lib\python\ptvsd\_vendored\pydevd\_pydevd_bundle\pydevd_resolver.py:214: The name tf.train.CheckpointSaverHook is deprecated. Please use tf.estimator.CheckpointSaverHook instead.

2019-10-05 16:02:58,340 Process of HalfResolution is starting
2019-10-05 16:02:58,341 Main raster: C:/Users/PlochaTo/Documents/TP/PG/MGR/rasterDoPodzialuSmooth.tif
2019-10-05 16:02:58,341 Samples from main raster D:/cutData32HalfResolution/. Will be save to disc: False
2019-10-05 16:02:58,341 Dataset folder path D:/HalfResolution2/
2019-10-05 16:02:58,341 Model will be saved D:/HalfResolution2/model/image_classification
2019-10-05 16:02:58,342 All data from raster will be kept in D:/HalfResolution2/preprocessedAllDataBatch/
2019-10-05 16:02:58,368 From d:\satelliteImageClassifier\evaluating.py:40: The name tf.Session is deprecated. Please use tf.compat.v1.Session instead.

2019-10-05 16:02:58,390 From d:\satelliteImageClassifier\evaluating.py:42: The name tf.train.import_meta_graph is deprecated. Please use tf.compat.v1.train.import_meta_graph instead.

2019-10-05 16:02:59,024 From D:\Anaconda\lib\site-packages\tensorflow\python\training\saver.py:1276: checkpoint_exists (from tensorflow.python.training.checkpoint_management) is deprecated and will be removed in a future version.
Instructions for updating:
Use standard file APIs to check for files with this prefix.
2019-10-05 16:02:59,031 Restoring parameters from D:/HalfResolution2/model/image_classification
2019-10-05 16:02:59,324 From d:\satelliteImageClassifier\evaluating.py:56: The name tf.summary.FileWriter is deprecated. Please use tf.compat.v1.summary.FileWriter instead.

2019-10-05 16:02:59,633 ALL DATA: Evaluating...
2019-10-05 16:03:03,024 ALL DATA: Test features size is: 37900
2019-10-05 16:03:03,025 ALL DATA: Test labels size is: 37900
2019-10-05 16:03:03,026 ALL DATA: Img names size is: 37900
2019-10-05 16:11:01,638 Tensor._shape is private, use Tensor.shape instead. Tensor._shape will eventually be removed.
2019-10-05 16:17:23,302 Process of HalfResolution is starting
2019-10-05 16:17:23,303 Main raster: C:/Users/PlochaTo/Documents/TP/PG/MGR/rasterDoPodzialuSmooth.tif
2019-10-05 16:17:23,303 Samples from main raster D:/cutData32HalfResolution/. Will be save to disc: False
2019-10-05 16:17:23,303 Dataset folder path D:/HalfResolution1/
2019-10-05 16:17:23,304 Model will be saved D:/HalfResolution1/model/image_classification
2019-10-05 16:17:23,304 All data from raster will be kept in D:/HalfResolution1/preprocessedAllDataBatch/
2019-10-05 16:20:13,279 Process of HalfResolution is starting
2019-10-05 16:20:13,280 Main raster: C:/Users/PlochaTo/Documents/TP/PG/MGR/rasterDoPodzialuSmooth.tif
2019-10-05 16:20:13,280 Samples from main raster D:/cutData32HalfResolution/. Will be save to disc: False
2019-10-05 16:20:13,280 Dataset folder path D:/HalfResolution1/
2019-10-05 16:20:13,281 Model will be saved D:/HalfResolution1/model/image_classification
2019-10-05 16:20:13,281 All data from raster will be kept in D:/HalfResolution1/preprocessedAllDataBatch/
2019-10-05 16:20:21,320 Preparing data batches for  61168 samples
2019-10-05 17:56:44,377 Process of HalfResolution is starting
2019-10-05 17:56:44,379 Main raster: C:/Users/PlochaTo/Documents/TP/PG/MGR/rasterDoPodzialuSmooth.tif
2019-10-05 17:56:44,379 Samples from main raster D:/cutData32HalfResolution/. Will be save to disc: False
2019-10-05 17:56:44,379 Dataset folder path D:/HalfResolution1/
2019-10-05 17:56:44,379 Model will be saved D:/HalfResolution1/model/image_classification
2019-10-05 17:56:44,380 All data from raster will be kept in D:/HalfResolution1/preprocessedAllDataBatch/
2019-10-05 18:13:38,222 Batch: D:/HalfResolution1/preprocessedAllDataBatch/HalfResolutionAllDataBatch0 size is: 23531
